<?xml version="1.0" encoding="UTF-8"?>
<!-- Generated by org.testng.reporters.JUnitReportReporter -->
<testsuite hostname="mib-84a305b9628" name="tests.SmokeTest" tests="15" failures="0" timestamp="12 Sep 2015 22:02:25 GMT" time="92.360" errors="0">
  <testcase name="test_Recover_FromSpamList_ToInbox" time="3.703" classname="tests.SmokeTest"/>
  <testcase name="test_Login" time="4.703" classname="tests.SmokeTest"/>
  <testcase name="test_Send_With_Attachment" time="12.063" classname="tests.SmokeTest"/>
  <testcase name="test_Login" time="1.485" classname="tests.SmokeTest"/>
  <testcase name="test_OpenInboxMessage" time="4.203" classname="tests.SmokeTest"/>
  <testcase name="test_CreateMessage" time="6.906" classname="tests.SmokeTest"/>
  <testcase name="test_ForwardInboxMessage" time="8.187" classname="tests.SmokeTest"/>
  <testcase name="test_DragAndDrop_InboxToSpam" time="5.625" classname="tests.SmokeTest"/>
  <testcase name="test_Login" time="1.000" classname="tests.SmokeTest"/>
  <testcase name="test_ReplyToMessage" time="9.719" classname="tests.SmokeTest"/>
  <testcase name="test_Recover_FromTrashList_ToInbox" time="5.062" classname="tests.SmokeTest"/>
  <testcase name="test_Move_FromInboxList_ToTrash" time="3.922" classname="tests.SmokeTest"/>
  <testcase name="test_Move_FromInboxList_ToSpam" time="4.438" classname="tests.SmokeTest"/>
  <testcase name="test_Read_And_Move_ToTrash" time="4.969" classname="tests.SmokeTest"/>
  <testcase name="test_SendMessage" time="16.375" classname="tests.SmokeTest"/>
</testsuite> <!-- tests.SmokeTest -->
