<?xml version="1.0" encoding="UTF-8"?>
<!-- Generated by org.testng.reporters.JUnitReportReporter -->
<testsuite hostname="mib-84a305b9628" name="tests.SmokeTest" tests="1" failures="0" timestamp="10 Sep 2015 13:38:04 GMT" time="2.328" errors="0">
  <testcase name="testCheckRegistrationLinks" time="2.328" classname="tests.SmokeTest"/>
</testsuite> <!-- tests.SmokeTest -->
