<?xml version="1.0" encoding="UTF-8"?>
<!-- Generated by org.testng.reporters.JUnitReportReporter -->
<testsuite hostname="mib-84a305b9628" name="test.NewTest" tests="1" failures="0" timestamp="10 Sep 2015 10:42:40 GMT" time="5.640" errors="0">
  <testcase name="f" time="5.640" classname="test.NewTest"/>
</testsuite> <!-- test.NewTest -->
