<?xml version="1.0" encoding="UTF-8"?>
<!-- Generated by org.testng.reporters.JUnitReportReporter -->
<testsuite hostname="mib-84a305b9628" name="tests.SmokeTest" tests="15" failures="0" timestamp="12 Sep 2015 22:10:05 GMT" time="91.749" errors="0">
  <testcase name="test_ForwardInboxMessage" time="8.313" classname="tests.SmokeTest"/>
  <testcase name="test_Recover_FromSpamList_ToInbox" time="3.766" classname="tests.SmokeTest"/>
  <testcase name="test_DragAndDrop_InboxToSpam" time="6.219" classname="tests.SmokeTest"/>
  <testcase name="test_Move_FromInboxList_ToSpam" time="3.562" classname="tests.SmokeTest"/>
  <testcase name="test_Login" time="0.984" classname="tests.SmokeTest"/>
  <testcase name="test_Recover_FromTrashList_ToInbox" time="4.344" classname="tests.SmokeTest"/>
  <testcase name="test_Read_And_Move_ToTrash" time="5.140" classname="tests.SmokeTest"/>
  <testcase name="test_Send_With_Attachment" time="12.437" classname="tests.SmokeTest"/>
  <testcase name="test_Move_FromInboxList_ToTrash" time="4.297" classname="tests.SmokeTest"/>
  <testcase name="test_CreateMessage" time="6.859" classname="tests.SmokeTest"/>
  <testcase name="test_SendMessage" time="15.000" classname="tests.SmokeTest"/>
  <testcase name="test_OpenInboxMessage" time="4.297" classname="tests.SmokeTest"/>
  <testcase name="test_ReplyToMessage" time="10.125" classname="tests.SmokeTest"/>
  <testcase name="test_Login" time="1.453" classname="tests.SmokeTest"/>
  <testcase name="test_Login" time="4.953" classname="tests.SmokeTest"/>
</testsuite> <!-- tests.SmokeTest -->
